<?xml version="1.0" encoding="UTF-8"?>
<testsuite xmlns:xsi="http://www.w3.org/2001/XMLSchema-instance" xsi:noNamespaceSchemaLocation="https://maven.apache.org/surefire/maven-surefire-plugin/xsd/surefire-test-report.xsd" name="fr.univ_orleans.iut45.menus.AppTest" time="0.042" tests="3" errors="0" skipped="0" failures="0">
  <properties>
[...]
</properties>
  <testcase name="testPrixPlats" classname="fr.univ_orleans.iut45.menus.AppTest" time="0.005"/>
  <testcase name="testMenuComplet" classname="fr.univ_orleans.iut45.menus.AppTest" time="0.001"/>
  <testcase name="testListeEntrees" classname="fr.univ_orleans.iut45.menus.AppTest" time="0.002"/>
</testsuite>